- 0:0:0:0:0:0:0:1 - [27/Mar/2018:23:34:43 +0800] GET /email-provider/emailSendTest 404 306 132
- 0:0:0:0:0:0:0:1 - [27/Mar/2018:23:34:46 +0800] GET /email-provider/emailSendTest 404 306 7
- 0:0:0:0:0:0:0:1 - [27/Mar/2018:23:34:48 +0800] GET /email-provider/emailSendTest 404 306 15
- 0:0:0:0:0:0:0:1 - [27/Mar/2018:23:36:16 +0800] GET /email-provider/emailSendTest 200 - 15284
- 0:0:0:0:0:0:0:1 - [27/Mar/2018:23:36:16 +0800] GET /favicon.ico 404 135 141
- 0:0:0:0:0:0:0:1 - [28/Mar/2018:00:00:48 +0800] GET /email-provider/emailSendTest 200 - 82
- 0:0:0:0:0:0:0:1 - [28/Mar/2018:00:00:48 +0800] GET /favicon.ico 404 135 61
- 0:0:0:0:0:0:0:1 - [28/Mar/2018:00:01:03 +0800] GET /email-provider/emailSendTest 200 - 7
- 0:0:0:0:0:0:0:1 - [28/Mar/2018:00:01:33 +0800] GET /email-provider/emailSendTest 200 - 7
- 0:0:0:0:0:0:0:1 - [28/Mar/2018:11:20:53 +0800] GET /email-provider/emailSendTest 200 - 175
- 0:0:0:0:0:0:0:1 - [28/Mar/2018:11:20:53 +0800] GET /favicon.ico 404 135 221
- 0:0:0:0:0:0:0:1 - [28/Mar/2018:11:21:54 +0800] GET /email-provider/emailSendTest 200 - 8678
- 0:0:0:0:0:0:0:1 - [28/Mar/2018:11:22:16 +0800] GET /email-provider/emailSendTest 200 - 4691
- 0:0:0:0:0:0:0:1 - [28/Mar/2018:11:22:39 +0800] GET /email-provider/emailSendTest 200 - 3276
- 0:0:0:0:0:0:0:1 - [28/Mar/2018:11:22:53 +0800] GET /email-provider/emailSendTest 200 - 1758
- 0:0:0:0:0:0:0:1 - [28/Mar/2018:13:59:38 +0800] GET /email-provider/emailSendTest 200 - 86
- 0:0:0:0:0:0:0:1 - [28/Mar/2018:13:59:50 +0800] GET /email-provider/emailSendTest 200 - 3
- 0:0:0:0:0:0:0:1 - [28/Mar/2018:13:59:52 +0800] GET /email-provider/emailSendTest 200 - 2
- 0:0:0:0:0:0:0:1 - [28/Mar/2018:13:59:53 +0800] GET /email-provider/emailSendTest 200 - 2
- 0:0:0:0:0:0:0:1 - [28/Mar/2018:13:59:53 +0800] GET /email-provider/emailSendTest 200 - 2
- 0:0:0:0:0:0:0:1 - [28/Mar/2018:14:00:35 +0800] GET /email-provider/emailSendTest 200 - 10058
- 0:0:0:0:0:0:0:1 - [28/Mar/2018:14:03:24 +0800] GET /email-provider/emailSendTest 200 - 11899
- 0:0:0:0:0:0:0:1 - [28/Mar/2018:14:05:37 +0800] GET /email-provider/emailSendTest 200 - 61074
- 0:0:0:0:0:0:0:1 - [28/Mar/2018:14:06:28 +0800] GET /email-provider/emailSendTest 200 - 17542
- 0:0:0:0:0:0:0:1 - [28/Mar/2018:14:32:19 +0800] GET /email-provider/emailSendTest 200 - 46810
- 0:0:0:0:0:0:0:1 - [28/Mar/2018:14:33:01 +0800] GET /email-provider/emailSendTest 200 - 11613
- 0:0:0:0:0:0:0:1 - [28/Mar/2018:14:34:09 +0800] GET /email-provider/emailSendTest%20-Xpost%20-d%20%22tos=rekjavik@sina.com,rekjavik@163.com&subject=test&content=testEmail%22 404 306 65
- 0:0:0:0:0:0:0:1 - [28/Mar/2018:14:36:53 +0800] POST /email-provider/emailSendTest 404 160 197
- 0:0:0:0:0:0:0:1 - [28/Mar/2018:14:37:38 +0800] POST /email-provider/emailSend 200 - 37424
- 0:0:0:0:0:0:0:1 - [28/Mar/2018:14:38:32 +0800] POST /email-provider/emailSend 200 - 47207
- 0:0:0:0:0:0:0:1 - [28/Mar/2018:14:39:36 +0800] POST /email-provider/emailSend 200 - 47100
- 0:0:0:0:0:0:0:1 - [28/Mar/2018:14:40:25 +0800] POST /email-provider/emailSend 200 - 13896
- 0:0:0:0:0:0:0:1 - [28/Mar/2018:14:40:45 +0800] POST /email-provider/emailSend 200 - 15657
- 0:0:0:0:0:0:0:1 - [28/Mar/2018:14:41:39 +0800] POST /email-provider/emailSend 200 - 50213
- 0:0:0:0:0:0:0:1 - [28/Mar/2018:14:41:59 +0800] POST /email-provider/emailSend 400 184 147
- 0:0:0:0:0:0:0:1 - [28/Mar/2018:14:42:13 +0800] POST /email-provider/emailSend 400 184 3
- 0:0:0:0:0:0:0:1 - [28/Mar/2018:14:46:06 +0800] POST /email-provider/emailSend 200 - 8231
- 0:0:0:0:0:0:0:1 - [28/Mar/2018:16:05:12 +0800] GET /email-provider/emailSendTest 404 306 127
- 0:0:0:0:0:0:0:1 - [28/Mar/2018:16:05:16 +0800] GET /email-provider/emailSend 400 342 7
- 0:0:0:0:0:0:0:1 - [28/Mar/2018:16:05:19 +0800] GET /email-provider/emailSend 400 342 5
- 0:0:0:0:0:0:0:1 - [28/Mar/2018:16:06:08 +0800] GET /email-provider/emailSend 400 342 152
- 0:0:0:0:0:0:0:1 - [28/Mar/2018:16:06:08 +0800] GET /favicon.ico 404 135 64
- 0:0:0:0:0:0:0:1 - [28/Mar/2018:16:06:34 +0800] GET /email-provider/emailSend 200 - 13035
- 0:0:0:0:0:0:0:1 - [28/Mar/2018:16:07:38 +0800] GET /email-provider/emailSend 500 300 6510
- 192.168.16.25 - [28/Mar/2018:16:18:14 +0800] GET /email-provider/sendEmail 404 306 152
- 192.168.16.25 - [28/Mar/2018:16:18:14 +0800] GET /favicon.ico 404 135 65
- 192.168.16.25 - [28/Mar/2018:16:18:33 +0800] GET /email-provider/sendEmail 404 306 8
- 192.168.25.1 - [28/Mar/2018:16:19:10 +0800] GET /email-provider/sendEmail 404 306 7
- 192.168.25.1 - [28/Mar/2018:16:19:11 +0800] GET /favicon.ico 404 135 3
- 192.168.25.1 - [28/Mar/2018:16:19:49 +0800] GET /email-provider/sendEmail 404 306 6
- 0:0:0:0:0:0:0:1 - [28/Mar/2018:16:21:42 +0800] GET /email-provider/emailSendTest 404 306 154
- 0:0:0:0:0:0:0:1 - [28/Mar/2018:16:21:57 +0800] GET /email-provider/emailSendTest 404 306 8
- 0:0:0:0:0:0:0:1 - [28/Mar/2018:16:22:39 +0800] GET /email-provider/emailSendTest 404 306 150
- 0:0:0:0:0:0:0:1 - [28/Mar/2018:16:22:40 +0800] GET /email-provider/emailSendTest 404 306 4
- 0:0:0:0:0:0:0:1 - [28/Mar/2018:16:22:40 +0800] GET /email-provider/emailSendTest 404 306 5
- 0:0:0:0:0:0:0:1 - [28/Mar/2018:16:22:41 +0800] GET /email-provider/emailSendTest 404 306 4
- 0:0:0:0:0:0:0:1 - [28/Mar/2018:16:22:41 +0800] GET /email-provider/emailSendTest 404 306 4
- 0:0:0:0:0:0:0:1 - [28/Mar/2018:16:22:41 +0800] GET /email-provider/emailSendTest 404 306 3
- 0:0:0:0:0:0:0:1 - [28/Mar/2018:16:22:41 +0800] GET /email-provider/emailSendTest 404 306 5
- 0:0:0:0:0:0:0:1 - [28/Mar/2018:16:23:14 +0800] GET /email-provider/emailSend 200 - 2850
- 192.168.25.1 - [28/Mar/2018:16:23:40 +0800] GET /email-provider/emailSend 200 - 4524
